\BOOKMARK [1][-]{section.1}{序論}{}% 1
\BOOKMARK [2][-]{subsection.1.1}{背景}{section.1}% 2
\BOOKMARK [2][-]{subsection.1.2}{目的}{section.1}% 3
\BOOKMARK [2][-]{subsection.1.3}{構成}{section.1}% 4
\BOOKMARK [1][-]{section.2}{関連手法}{}% 5
\BOOKMARK [2][-]{subsection.2.1}{関連するデザイン領域}{section.2}% 6
\BOOKMARK [2][-]{subsection.2.2}{過去の製作からの知見}{section.2}% 7
\BOOKMARK [1][-]{section.3}{問題叙述型デザインアプローチの提案}{}% 8
\BOOKMARK [2][-]{subsection.3.1}{仮説}{section.3}% 9
\BOOKMARK [2][-]{subsection.3.2}{問題叙述型デザインアプローチの概要}{section.3}% 10
\BOOKMARK [2][-]{subsection.3.3}{問題叙述型デザインアプローチの構成}{section.3}% 11
\BOOKMARK [2][-]{subsection.3.4}{テーマ策定}{section.3}% 12
\BOOKMARK [2][-]{subsection.3.5}{問題の列挙}{section.3}% 13
\BOOKMARK [2][-]{subsection.3.6}{問題のクラスタリング}{section.3}% 14
\BOOKMARK [2][-]{subsection.3.7}{物理的問題の解決}{section.3}% 15
\BOOKMARK [2][-]{subsection.3.8}{解決不能な問題の解決}{section.3}% 16
\BOOKMARK [2][-]{subsection.3.9}{展示}{section.3}% 17
\BOOKMARK [1][-]{section.4}{左利きの問題への適用結果}{}% 18
\BOOKMARK [2][-]{subsection.4.1}{テーマ設定}{section.4}% 19
\BOOKMARK [2][-]{subsection.4.2}{問題の列挙}{section.4}% 20
\BOOKMARK [2][-]{subsection.4.3}{問題のクラスタリング}{section.4}% 21
\BOOKMARK [2][-]{subsection.4.4}{物理的問題の解決}{section.4}% 22
\BOOKMARK [2][-]{subsection.4.5}{解決不能な問題}{section.4}% 23
\BOOKMARK [2][-]{subsection.4.6}{展示}{section.4}% 24
\BOOKMARK [1][-]{section.5}{結論}{}% 25
\BOOKMARK [2][-]{subsection.5.1}{考察}{section.5}% 26
\BOOKMARK [2][-]{subsection.5.2}{今後の展望}{section.5}% 27
